{
  "0 debug pnpm:scope": {
    "selected": 1
  },
  "1 error pnpm": {
    "code": "ELIFECYCLE",
    "errno": "ENOENT",
    "syscall": "spawn",
    "file": "sh",
    "pkgid": "frontend@",
    "stage": "build",
    "script": "solid-start build",
    "pkgname": "frontend",
    "err": {
      "name": "pnpm",
      "message": "frontend@ build: `solid-start build`\nspawn ENOENT",
      "code": "ELIFECYCLE",
      "stack": "pnpm: frontend@ build: `solid-start build`\nspawn ENOENT\n    at ChildProcess.<anonymous> (/usr/local/pnpm-global/5/node_modules/.pnpm/pnpm@7.1.0/node_modules/pnpm/dist/pnpm.cjs:93448:22)\n    at ChildProcess.emit (node:events:527:28)\n    at maybeClose (node:internal/child_process:1092:16)\n    at Process.ChildProcess._handle.onexit (node:internal/child_process:302:5)"
    }
  },
  "2 warn pnpm:global": " Local package.json exists, but node_modules missing, did you mean to install?"
}